<?xml version="1.0" encoding="UTF-8"?>
<coverage generated="1599054154407" clover="3.2.0">
  <project timestamp="1599054154407" name="All files">
    <metrics statements="20" coveredstatements="13" conditionals="4" coveredconditionals="0" methods="8" coveredmethods="3" elements="32" coveredelements="16" complexity="0" loc="20" ncloc="20" packages="1" files="2" classes="2"/>
    <file name="MyCarousel.js" path="T:\projects\aischallenge\src\components\MyCarousel.js">
      <metrics statements="18" coveredstatements="11" conditionals="4" coveredconditionals="0" methods="7" coveredmethods="2"/>
      <line num="12" count="1" type="stmt"/>
      <line num="15" count="1" type="stmt"/>
      <line num="16" count="1" type="stmt"/>
      <line num="19" count="1" type="stmt"/>
      <line num="20" count="1" type="stmt"/>
      <line num="23" count="1" type="stmt"/>
      <line num="24" count="0" type="cond" truecount="0" falsecount="2"/>
      <line num="25" count="0" type="stmt"/>
      <line num="31" count="1" type="stmt"/>
      <line num="32" count="0" type="stmt"/>
      <line num="38" count="1" type="stmt"/>
      <line num="39" count="0" type="stmt"/>
      <line num="42" count="0" type="stmt"/>
      <line num="57" count="1" type="stmt"/>
      <line num="58" count="0" type="cond" truecount="0" falsecount="2"/>
      <line num="59" count="0" type="stmt"/>
      <line num="62" count="1" type="stmt"/>
      <line num="75" count="1" type="stmt"/>
    </file>
    <file name="MyModal.js" path="T:\projects\aischallenge\src\components\MyModal.js">
      <metrics statements="2" coveredstatements="2" conditionals="0" coveredconditionals="0" methods="1" coveredmethods="1"/>
      <line num="12" count="2" type="stmt"/>
      <line num="28" count="1" type="stmt"/>
    </file>
  </project>
</coverage>
