{"T:\\projects\\aischallenge\\src\\components\\MyCarousel.js": {"path":"T:\\projects\\aischallenge\\src\\components\\MyCarousel.js","statementMap":{"0":{"start":{"line":12,"column":31},"end":{"line":12,"column":55}},"1":{"start":{"line":15,"column":16},"end":{"line":15,"column":50}},"2":{"start":{"line":16,"column":2},"end":{"line":16,"column":27}},"3":{"start":{"line":19,"column":20},"end":{"line":19,"column":27}},"4":{"start":{"line":20,"column":18},"end":{"line":20,"column":35}},"5":{"start":{"line":23,"column":22},"end":{"line":29,"column":3}},"6":{"start":{"line":24,"column":4},"end":{"line":28,"column":5}},"7":{"start":{"line":25,"column":6},"end":{"line":27,"column":8}},"8":{"start":{"line":31,"column":23},"end":{"line":36,"column":3}},"9":{"start":{"line":32,"column":4},"end":{"line":35,"column":11}},"10":{"start":{"line":38,"column":22},"end":{"line":55,"column":3}},"11":{"start":{"line":39,"column":4},"end":{"line":54,"column":6}},"12":{"start":{"line":42,"column":23},"end":{"line":42,"column":49}},"13":{"start":{"line":57,"column":22},"end":{"line":61,"column":3}},"14":{"start":{"line":58,"column":4},"end":{"line":60,"column":5}},"15":{"start":{"line":59,"column":6},"end":{"line":59,"column":24}},"16":{"start":{"line":62,"column":2},"end":{"line":72,"column":4}},"17":{"start":{"line":75,"column":15},"end":{"line":97,"column":2}}},"fnMap":{"0":{"name":"wp","decl":{"start":{"line":14,"column":9},"end":{"line":14,"column":11}},"loc":{"start":{"line":14,"column":24},"end":{"line":17,"column":1}},"line":14},"1":{"name":"MyCarousel","decl":{"start":{"line":22,"column":9},"end":{"line":22,"column":19}},"loc":{"start":{"line":22,"column":27},"end":{"line":73,"column":1}},"line":22},"2":{"name":"(anonymous_2)","decl":{"start":{"line":23,"column":22},"end":{"line":23,"column":23}},"loc":{"start":{"line":23,"column":33},"end":{"line":29,"column":3}},"line":23},"3":{"name":"(anonymous_3)","decl":{"start":{"line":31,"column":23},"end":{"line":31,"column":24}},"loc":{"start":{"line":32,"column":4},"end":{"line":35,"column":11}},"line":32},"4":{"name":"(anonymous_4)","decl":{"start":{"line":38,"column":22},"end":{"line":38,"column":23}},"loc":{"start":{"line":38,"column":41},"end":{"line":55,"column":3}},"line":38},"5":{"name":"(anonymous_5)","decl":{"start":{"line":42,"column":17},"end":{"line":42,"column":18}},"loc":{"start":{"line":42,"column":23},"end":{"line":42,"column":49}},"line":42},"6":{"name":"(anonymous_6)","decl":{"start":{"line":57,"column":22},"end":{"line":57,"column":23}},"loc":{"start":{"line":57,"column":34},"end":{"line":61,"column":3}},"line":57}},"branchMap":{"0":{"loc":{"start":{"line":24,"column":4},"end":{"line":28,"column":5}},"type":"if","locations":[{"start":{"line":24,"column":4},"end":{"line":28,"column":5}},{"start":{"line":24,"column":4},"end":{"line":28,"column":5}}],"line":24},"1":{"loc":{"start":{"line":58,"column":4},"end":{"line":60,"column":5}},"type":"if","locations":[{"start":{"line":58,"column":4},"end":{"line":60,"column":5}},{"start":{"line":58,"column":4},"end":{"line":60,"column":5}}],"line":58}},"s":{"0":1,"1":1,"2":1,"3":1,"4":1,"5":1,"6":0,"7":0,"8":1,"9":0,"10":1,"11":0,"12":0,"13":1,"14":0,"15":0,"16":1,"17":1},"f":{"0":1,"1":1,"2":0,"3":0,"4":0,"5":0,"6":0},"b":{"0":[0,0],"1":[0,0]},"_coverageSchema":"1a1c01bbd47fc00a2c39e90264f33305004495a9","hash":"7ecb1444917b4ce69781cf73fb61dbd5b854f793"}
,"T:\\projects\\aischallenge\\src\\components\\MyModal.js": {"path":"T:\\projects\\aischallenge\\src\\components\\MyModal.js","statementMap":{"0":{"start":{"line":12,"column":2},"end":{"line":25,"column":4}},"1":{"start":{"line":28,"column":15},"end":{"line":63,"column":2}}},"fnMap":{"0":{"name":"(anonymous_0)","decl":{"start":{"line":11,"column":15},"end":{"line":11,"column":16}},"loc":{"start":{"line":11,"column":57},"end":{"line":26,"column":1}},"line":11}},"branchMap":{},"s":{"0":2,"1":1},"f":{"0":2},"b":{},"_coverageSchema":"1a1c01bbd47fc00a2c39e90264f33305004495a9","hash":"a006c7f78217f6e729fe1f235b7534b998dba22a"}
}
