TN:
SF:src\components\MyCarousel.js
FN:14,wp
FN:22,MyCarousel
FN:23,(anonymous_2)
FN:31,(anonymous_3)
FN:38,(anonymous_4)
FN:42,(anonymous_5)
FN:57,(anonymous_6)
FNF:7
FNH:2
FNDA:1,wp
FNDA:1,MyCarousel
FNDA:0,(anonymous_2)
FNDA:0,(anonymous_3)
FNDA:0,(anonymous_4)
FNDA:0,(anonymous_5)
FNDA:0,(anonymous_6)
DA:12,1
DA:15,1
DA:16,1
DA:19,1
DA:20,1
DA:23,1
DA:24,0
DA:25,0
DA:31,1
DA:32,0
DA:38,1
DA:39,0
DA:42,0
DA:57,1
DA:58,0
DA:59,0
DA:62,1
DA:75,1
LF:18
LH:11
BRDA:24,0,0,0
BRDA:24,0,1,0
BRDA:58,1,0,0
BRDA:58,1,1,0
BRF:4
BRH:0
end_of_record
TN:
SF:src\components\MyModal.js
FN:11,(anonymous_0)
FNF:1
FNH:1
FNDA:2,(anonymous_0)
DA:12,2
DA:28,1
LF:2
LH:2
BRF:0
BRH:0
end_of_record
